{"/Users/ridoy/Downloads/example-6/app/index.ts": {"path":"/Users/ridoy/Downloads/example-6/app/index.ts","statementMap":{"0":{"start":{"line":6,"column":0},"end":{"line":6,"column":16}},"1":{"start":{"line":2,"column":0},"end":{"line":2,"column":51}},"2":{"start":{"line":3,"column":0},"end":{"line":3,"column":46}},"3":{"start":{"line":5,"column":15},"end":{"line":5,"column":33}},"4":{"start":{"line":7,"column":17},"end":{"line":7,"column":26}},"5":{"start":{"line":9,"column":2},"end":{"line":17,"column":5}},"6":{"start":{"line":9,"column":41},"end":{"line":17,"column":4}},"7":{"start":{"line":10,"column":4},"end":{"line":16,"column":5}},"8":{"start":{"line":11,"column":6},"end":{"line":11,"column":54}},"9":{"start":{"line":12,"column":20},"end":{"line":12,"column":54}},"10":{"start":{"line":13,"column":6},"end":{"line":13,"column":47}},"11":{"start":{"line":15,"column":6},"end":{"line":15,"column":63}},"12":{"start":{"line":19,"column":2},"end":{"line":19,"column":16}},"13":{"start":{"line":23,"column":0},"end":{"line":34,"column":1}},"14":{"start":{"line":24,"column":17},"end":{"line":24,"column":36}},"15":{"start":{"line":25,"column":15},"end":{"line":25,"column":39}},"16":{"start":{"line":26,"column":15},"end":{"line":26,"column":46}},"17":{"start":{"line":27,"column":2},"end":{"line":33,"column":5}},"18":{"start":{"line":28,"column":4},"end":{"line":31,"column":5}},"19":{"start":{"line":29,"column":6},"end":{"line":29,"column":25}},"20":{"start":{"line":30,"column":6},"end":{"line":30,"column":22}},"21":{"start":{"line":32,"column":4},"end":{"line":32,"column":50}}},"fnMap":{"0":{"name":"buildServer","decl":{"start":{"line":6,"column":16},"end":{"line":6,"column":27}},"loc":{"start":{"line":6,"column":54},"end":{"line":20,"column":1}}},"1":{"name":"(anonymous_9)","decl":{"start":{"line":9,"column":22},"end":{"line":9,"column":29}},"loc":{"start":{"line":9,"column":41},"end":{"line":17,"column":4}}},"2":{"name":"(anonymous_10)","decl":{"start":{"line":9,"column":41},"end":{"line":9,"column":null}},"loc":{"start":{"line":9,"column":41},"end":{"line":17,"column":3}}},"3":{"name":"(anonymous_11)","decl":{"start":{"line":27,"column":52},"end":{"line":27,"column":53}},"loc":{"start":{"line":27,"column":69},"end":{"line":33,"column":3}}}},"branchMap":{"0":{"loc":{"start":{"line":15,"column":45},"end":{"line":15,"column":59}},"type":"cond-expr","locations":[{"start":{"line":15,"column":50},"end":{"line":15,"column":52}},{"start":{"line":15,"column":45},"end":{"line":15,"column":59}}]},"1":{"loc":{"start":{"line":15,"column":45},"end":{"line":15,"column":52}},"type":"binary-expr","locations":[{"start":{"line":15,"column":45},"end":{"line":15,"column":52}},{"start":{"line":15,"column":45},"end":{"line":15,"column":52}}]},"2":{"loc":{"start":{"line":23,"column":0},"end":{"line":34,"column":1}},"type":"if","locations":[{"start":{"line":23,"column":0},"end":{"line":34,"column":1}}]},"3":{"loc":{"start":{"line":25,"column":15},"end":{"line":25,"column":39}},"type":"binary-expr","locations":[{"start":{"line":25,"column":15},"end":{"line":25,"column":31}},{"start":{"line":25,"column":35},"end":{"line":25,"column":39}}]},"4":{"loc":{"start":{"line":26,"column":15},"end":{"line":26,"column":46}},"type":"binary-expr","locations":[{"start":{"line":26,"column":15},"end":{"line":26,"column":31}},{"start":{"line":26,"column":35},"end":{"line":26,"column":46}}]},"5":{"loc":{"start":{"line":28,"column":4},"end":{"line":31,"column":5}},"type":"if","locations":[{"start":{"line":28,"column":4},"end":{"line":31,"column":5}}]}},"s":{"0":1,"1":1,"2":1,"3":1,"4":2,"5":2,"6":2,"7":2,"8":2,"9":1,"10":1,"11":1,"12":2,"13":1,"14":0,"15":0,"16":0,"17":0,"18":0,"19":0,"20":0,"21":0},"f":{"0":2,"1":2,"2":2,"3":0},"b":{"0":[0,1],"1":[1,1],"2":[0],"3":[0,0],"4":[0,0],"5":[0]}}
}
